<?xml version="1.0" encoding="UTF-8"?>
<!-- Generated by org.testng.reporters.JUnitXMLReporter -->
<testsuite ignored="1" hostname="HW0524" failures="0" tests="3" name="chrome" time="9.27" errors="0" timestamp="2024-02-21T07:11:56 IST">
  <testcase classname="testNGsessions.Parameter" name="lanchbrowser" time="7.974"/>
  <testcase classname="testNGsessions.Parameter" name="logintoApplication" time="1.147"/>
  <testcase classname="testNGsessions.Parameter" name="test2" time="0.002"/>
  <testcase classname="testNGsessions.Parameter" name="test1" time="0.0">
    <ignored/>
  </testcase> <!-- test1 -->
</testsuite> <!-- chrome -->
