<?xml version="1.0" encoding="UTF-8"?>
<testng-results ignored="0" total="1" passed="1" failed="0" skipped="0">
  <reporter-output>
  </reporter-output>
  <suite started-at="2024-02-29T06:38:07 IST" name="Default suite" finished-at="2024-02-29T06:38:09 IST" duration-ms="1357">
    <groups>
    </groups>
    <test started-at="2024-02-29T06:38:07 IST" name="Default test" finished-at="2024-02-29T06:38:09 IST" duration-ms="1357">
      <class name="testNGsessions.ExcelDataProviderTest">
        <test-method signature="testDataFromExcel(java.lang.String,java.lang.String,java.lang.String,java.lang.String,java.lang.String)[pri:0, instance:testNGsessions.ExcelDataProviderTest@130c12b7]" started-at="2024-02-29T06:38:08 IST" name="testDataFromExcel" data-provider="excelData" finished-at="2024-02-29T06:38:09 IST" duration-ms="8" status="PASS">
          <params>
            <param index="0">
              <value>
                <![CDATA[saikrishna]]>
              </value>
            </param>
            <param index="1">
              <value>
                <![CDATA[test123456]]>
              </value>
            </param>
            <param index="2">
              <value>
                <![CDATA[Hyderbad]]>
              </value>
            </param>
            <param index="3">
              <value>
                <![CDATA[Lb Nagar]]>
              </value>
            </param>
            <param index="4">
              <value>
                <![CDATA[500070]]>
              </value>
            </param>
          </params>
          <reporter-output>
          </reporter-output>
        </test-method> <!-- testDataFromExcel -->
      </class> <!-- testNGsessions.ExcelDataProviderTest -->
    </test> <!-- Default test -->
  </suite> <!-- Default suite -->
</testng-results>
